июл. 11, 2025 4:34:50 PM by.taskSetter.Main lambda$main$0
INFO: Запуск приложения
июл. 11, 2025 4:34:51 PM by.taskSetter.ui.TaskApp <init>
INFO: Инициализация приложения
июл. 11, 2025 4:34:51 PM by.taskSetter.ui.TaskApp initComponents
INFO: Инициализация компонентов интерфейса
июл. 11, 2025 4:34:51 PM by.taskSetter.ui.TaskApp layoutComponents
INFO: Размещение компонентов интерфейса
июл. 11, 2025 4:35:03 PM by.taskSetter.ui.TaskApp lambda$initListeners$0
INFO: Кнопка 'Добавить' нажата
июл. 11, 2025 4:35:36 PM by.taskSetter.ui.TaskApp lambda$initListeners$0
INFO: Обновлен список задач после добавления
июл. 11, 2025 4:35:39 PM by.taskSetter.ui.TaskApp$1 windowClosing
INFO: Закрытие приложения. Сохранение задач.
июл. 11, 2025 4:35:40 PM by.taskSetter.ui.TaskApp$1 windowClosing
INFO: Пользователь подтвердил выход. Сохраняем задачи
июл. 11, 2025 4:35:40 PM by.taskSetter.storage.TaskStorage save
INFO: Задачи успешно сохранены в файл
июл. 11, 2025 4:35:40 PM by.taskSetter.ui.TaskApp$1 windowClosing
INFO: Выход отменен пользователем
июл. 11, 2025 4:38:12 PM by.taskSetter.Main lambda$main$0
INFO: Запуск приложения
июл. 11, 2025 4:38:13 PM by.taskSetter.ui.TaskApp <init>
INFO: Инициализация приложения
июл. 11, 2025 4:38:13 PM by.taskSetter.storage.TaskStorage load
INFO: Задачи успешно загружены из файла
июл. 11, 2025 4:38:13 PM by.taskSetter.ui.TaskApp initComponents
INFO: Инициализация компонентов интерфейса
июл. 11, 2025 4:38:13 PM by.taskSetter.ui.TaskApp layoutComponents
INFO: Размещение компонентов интерфейса
июл. 11, 2025 4:38:15 PM by.taskSetter.ui.TaskApp lambda$initListeners$3
INFO: Выбран фильтр: Выполненные
июл. 11, 2025 4:38:18 PM by.taskSetter.ui.TaskApp lambda$initListeners$1
WARNING: Попытка редактировать задачу без выбора
июл. 11, 2025 4:38:25 PM by.taskSetter.ui.TaskApp lambda$initListeners$0
INFO: Кнопка 'Добавить' нажата
июл. 11, 2025 4:38:32 PM by.taskSetter.ui.TaskDialog getValidatedTask
INFO: Парсинг: 1212-12-12
июл. 11, 2025 4:38:32 PM by.taskSetter.ui.TaskDialog getValidatedTask
INFO: Создается новая задача: 12
июл. 11, 2025 4:38:32 PM by.taskSetter.ui.TaskDialog getValidatedTask
INFO: Парсинг: 1212-12-12
июл. 11, 2025 4:38:32 PM by.taskSetter.ui.TaskDialog getValidatedTask
INFO: Задача обновлена: 12
июл. 11, 2025 4:38:32 PM by.taskSetter.ui.TaskApp openTaskDialog
INFO: Добавлена задача: 12
июл. 11, 2025 4:38:32 PM by.taskSetter.ui.TaskApp lambda$initListeners$0
INFO: Обновлен список задач после добавления
июл. 11, 2025 4:38:36 PM by.taskSetter.ui.TaskApp$1 windowClosing
INFO: Закрытие приложения. Сохранение задач.
июл. 11, 2025 4:38:37 PM by.taskSetter.ui.TaskApp$1 windowClosing
INFO: Пользователь подтвердил выход. Сохраняем задачи
июл. 11, 2025 4:38:37 PM by.taskSetter.storage.TaskStorage save
INFO: Задачи успешно сохранены в файл
июл. 11, 2025 4:38:37 PM by.taskSetter.ui.TaskApp$1 windowClosing
INFO: Выход отменен пользователем
июл. 11, 2025 4:39:20 PM by.taskSetter.Main lambda$main$0
INFO: Запуск приложения
июл. 11, 2025 4:39:20 PM by.taskSetter.ui.TaskApp <init>
INFO: Инициализация приложения
июл. 11, 2025 4:39:20 PM by.taskSetter.storage.TaskStorage load
INFO: Задачи успешно загружены из файла
июл. 11, 2025 4:39:20 PM by.taskSetter.ui.TaskApp initComponents
INFO: Инициализация компонентов интерфейса
июл. 11, 2025 4:39:20 PM by.taskSetter.ui.TaskApp layoutComponents
INFO: Размещение компонентов интерфейса
июл. 11, 2025 4:39:25 PM by.taskSetter.ui.TaskApp lambda$initListeners$0
INFO: Кнопка 'Добавить' нажата
июл. 11, 2025 4:39:32 PM by.taskSetter.ui.TaskDialog getValidatedTask
INFO: Парсинг: 1212-12-12
июл. 11, 2025 4:39:32 PM by.taskSetter.ui.TaskDialog getValidatedTask
INFO: Создается новая задача: 1212
июл. 11, 2025 4:39:32 PM by.taskSetter.ui.TaskDialog getValidatedTask
INFO: Парсинг: 1212-12-12
июл. 11, 2025 4:39:32 PM by.taskSetter.ui.TaskDialog getValidatedTask
INFO: Задача обновлена: 1212
июл. 11, 2025 4:39:32 PM by.taskSetter.ui.TaskApp openTaskDialog
INFO: Добавлена задача: 1212
июл. 11, 2025 4:39:32 PM by.taskSetter.ui.TaskApp lambda$initListeners$0
INFO: Обновлен список задач после добавления
июл. 11, 2025 4:39:34 PM by.taskSetter.ui.TaskApp lambda$initListeners$3
INFO: Выбран фильтр: Невыполненные
июл. 11, 2025 4:39:35 PM by.taskSetter.ui.TaskApp lambda$initListeners$3
INFO: Выбран фильтр: Выполненные
июл. 11, 2025 4:39:37 PM by.taskSetter.ui.TaskApp lambda$initListeners$3
INFO: Выбран фильтр: Все
июл. 11, 2025 4:39:55 PM by.taskSetter.ui.TaskApp$1 windowClosing
INFO: Закрытие приложения. Сохранение задач.
июл. 11, 2025 4:39:56 PM by.taskSetter.ui.TaskApp$1 windowClosing
INFO: Пользователь подтвердил выход. Сохраняем задачи
июл. 11, 2025 4:39:56 PM by.taskSetter.storage.TaskStorage save
INFO: Задачи успешно сохранены в файл
июл. 11, 2025 4:39:56 PM by.taskSetter.ui.TaskApp$1 windowClosing
INFO: Выход отменен пользователем
июл. 11, 2025 5:29:51 PM by.taskSetter.Main lambda$main$0
INFO: Запуск приложения
июл. 11, 2025 5:29:52 PM by.taskSetter.ui.TaskApp <init>
INFO: Инициализация приложения
июл. 11, 2025 5:29:52 PM by.taskSetter.storage.TaskStorage load
INFO: Задачи успешно загружены из файла
июл. 11, 2025 5:29:52 PM by.taskSetter.ui.TaskApp initComponents
INFO: Инициализация компонентов интерфейса
июл. 11, 2025 5:29:52 PM by.taskSetter.ui.TaskApp layoutComponents
INFO: Размещение компонентов интерфейса
июл. 11, 2025 5:29:57 PM by.taskSetter.ui.TaskApp lambda$initListeners$3
INFO: Выбран фильтр: Выполненные
июл. 11, 2025 5:29:58 PM by.taskSetter.ui.TaskApp lambda$initListeners$3
INFO: Выбран фильтр: Невыполненные
июл. 11, 2025 5:30:00 PM by.taskSetter.ui.TaskApp lambda$initListeners$3
INFO: Выбран фильтр: Все
июл. 11, 2025 5:30:02 PM by.taskSetter.ui.TaskApp lambda$initListeners$3
INFO: Выбран фильтр: Выполненные
июл. 11, 2025 5:30:04 PM by.taskSetter.ui.TaskApp lambda$initListeners$3
INFO: Выбран фильтр: Невыполненные
июл. 11, 2025 5:30:06 PM by.taskSetter.ui.TaskApp$1 windowClosing
INFO: Закрытие приложения. Сохранение задач.
июл. 11, 2025 5:30:07 PM by.taskSetter.ui.TaskApp$1 windowClosing
INFO: Пользователь подтвердил выход. Сохраняем задачи
июл. 11, 2025 5:30:07 PM by.taskSetter.storage.TaskStorage save
INFO: Задачи успешно сохранены в файл
июл. 11, 2025 5:30:07 PM by.taskSetter.ui.TaskApp$1 windowClosing
INFO: Выход отменен пользователем
июл. 11, 2025 5:31:49 PM by.taskSetter.Main lambda$main$0
INFO: Запуск приложения
июл. 11, 2025 5:31:49 PM by.taskSetter.ui.TaskApp <init>
INFO: Инициализация приложения
июл. 11, 2025 5:31:49 PM by.taskSetter.storage.TaskStorage load
INFO: Задачи успешно загружены из файла
июл. 11, 2025 5:31:49 PM by.taskSetter.ui.TaskApp initComponents
INFO: Инициализация компонентов интерфейса
июл. 11, 2025 5:31:49 PM by.taskSetter.ui.TaskApp layoutComponents
INFO: Размещение компонентов интерфейса
июл. 11, 2025 5:31:52 PM by.taskSetter.ui.TaskApp lambda$initListeners$3
INFO: Выбран фильтр: Невыполненные
июл. 11, 2025 5:31:54 PM by.taskSetter.ui.TaskApp lambda$initListeners$3
INFO: Выбран фильтр: Все
июл. 11, 2025 5:31:55 PM by.taskSetter.ui.TaskApp lambda$initListeners$3
INFO: Выбран фильтр: Выполненные
июл. 11, 2025 5:31:56 PM by.taskSetter.ui.TaskApp$1 windowClosing
INFO: Закрытие приложения. Сохранение задач.
июл. 11, 2025 5:31:57 PM by.taskSetter.ui.TaskApp$1 windowClosing
INFO: Выход отменен пользователем
июл. 11, 2025 5:31:59 PM by.taskSetter.ui.TaskApp$1 windowClosing
INFO: Закрытие приложения. Сохранение задач.
июл. 11, 2025 5:32:00 PM by.taskSetter.ui.TaskApp$1 windowClosing
INFO: Пользователь подтвердил выход. Сохраняем задачи
июл. 11, 2025 5:32:00 PM by.taskSetter.storage.TaskStorage save
INFO: Задачи успешно сохранены в файл
июл. 11, 2025 5:32:00 PM by.taskSetter.ui.TaskApp$1 windowClosing
INFO: Выход отменен пользователем
июл. 11, 2025 5:32:43 PM by.taskSetter.Main lambda$main$0
INFO: Запуск приложения
июл. 11, 2025 5:32:43 PM by.taskSetter.ui.TaskApp <init>
INFO: Инициализация приложения
июл. 11, 2025 5:32:43 PM by.taskSetter.storage.TaskStorage load
INFO: Задачи успешно загружены из файла
июл. 11, 2025 5:32:43 PM by.taskSetter.ui.TaskApp initComponents
INFO: Инициализация компонентов интерфейса
июл. 11, 2025 5:32:43 PM by.taskSetter.ui.TaskApp layoutComponents
INFO: Размещение компонентов интерфейса
июл. 11, 2025 5:32:45 PM by.taskSetter.ui.TaskApp lambda$initListeners$3
INFO: Выбран фильтр: Выполненные
июл. 11, 2025 5:32:46 PM by.taskSetter.ui.TaskApp lambda$initListeners$3
INFO: Выбран фильтр: Невыполненные
июл. 11, 2025 5:32:48 PM by.taskSetter.ui.TaskApp lambda$initListeners$3
INFO: Выбран фильтр: Все
июл. 11, 2025 5:32:50 PM by.taskSetter.ui.TaskApp$1 windowClosing
INFO: Закрытие приложения. Сохранение задач.
июл. 11, 2025 5:32:51 PM by.taskSetter.ui.TaskApp$1 windowClosing
INFO: Пользователь подтвердил выход. Сохраняем задачи
июл. 11, 2025 5:32:51 PM by.taskSetter.storage.TaskStorage save
INFO: Задачи успешно сохранены в файл
июл. 11, 2025 5:32:51 PM by.taskSetter.ui.TaskApp$1 windowClosing
INFO: Выход отменен пользователем
июл. 11, 2025 5:33:08 PM by.taskSetter.Main lambda$main$0
INFO: Запуск приложения
июл. 11, 2025 5:33:08 PM by.taskSetter.ui.TaskApp <init>
INFO: Инициализация приложения
июл. 11, 2025 5:33:08 PM by.taskSetter.storage.TaskStorage load
INFO: Задачи успешно загружены из файла
июл. 11, 2025 5:33:08 PM by.taskSetter.ui.TaskApp initComponents
INFO: Инициализация компонентов интерфейса
июл. 11, 2025 5:33:08 PM by.taskSetter.ui.TaskApp layoutComponents
INFO: Размещение компонентов интерфейса
июл. 11, 2025 5:33:10 PM by.taskSetter.ui.TaskApp lambda$initListeners$3
INFO: Выбран фильтр: Выполненные
июл. 11, 2025 5:33:11 PM by.taskSetter.ui.TaskApp lambda$initListeners$3
INFO: Выбран фильтр: Невыполненные
июл. 11, 2025 5:33:13 PM by.taskSetter.ui.TaskApp$1 windowClosing
INFO: Закрытие приложения. Сохранение задач.
июл. 11, 2025 5:33:13 PM by.taskSetter.ui.TaskApp$1 windowClosing
INFO: Пользователь подтвердил выход. Сохраняем задачи
июл. 11, 2025 5:33:13 PM by.taskSetter.storage.TaskStorage save
INFO: Задачи успешно сохранены в файл
июл. 11, 2025 5:33:13 PM by.taskSetter.ui.TaskApp$1 windowClosing
INFO: Выход отменен пользователем
июл. 11, 2025 5:33:32 PM by.taskSetter.Main lambda$main$0
INFO: Запуск приложения
июл. 11, 2025 5:33:32 PM by.taskSetter.ui.TaskApp <init>
INFO: Инициализация приложения
июл. 11, 2025 5:33:32 PM by.taskSetter.storage.TaskStorage load
INFO: Задачи успешно загружены из файла
июл. 11, 2025 5:33:32 PM by.taskSetter.ui.TaskApp initComponents
INFO: Инициализация компонентов интерфейса
июл. 11, 2025 5:33:33 PM by.taskSetter.ui.TaskApp layoutComponents
INFO: Размещение компонентов интерфейса
июл. 11, 2025 5:33:37 PM by.taskSetter.ui.TaskApp lambda$initListeners$3
INFO: Выбран фильтр: Выполненные
июл. 11, 2025 5:33:38 PM by.taskSetter.ui.TaskApp lambda$initListeners$3
INFO: Выбран фильтр: Невыполненные
июл. 11, 2025 5:33:45 PM by.taskSetter.ui.TaskApp$1 windowClosing
INFO: Закрытие приложения. Сохранение задач.
июл. 11, 2025 5:33:46 PM by.taskSetter.ui.TaskApp$1 windowClosing
INFO: Пользователь подтвердил выход. Сохраняем задачи
июл. 11, 2025 5:33:46 PM by.taskSetter.storage.TaskStorage save
INFO: Задачи успешно сохранены в файл
июл. 11, 2025 5:33:46 PM by.taskSetter.ui.TaskApp$1 windowClosing
INFO: Выход отменен пользователем
июл. 11, 2025 5:35:00 PM by.taskSetter.Main lambda$main$0
INFO: Запуск приложения
июл. 11, 2025 5:35:00 PM by.taskSetter.ui.TaskApp <init>
INFO: Инициализация приложения
июл. 11, 2025 5:35:00 PM by.taskSetter.ui.TaskApp initComponents
INFO: Инициализация компонентов интерфейса
июл. 11, 2025 5:35:00 PM by.taskSetter.ui.TaskApp layoutComponents
INFO: Размещение компонентов интерфейса
июл. 11, 2025 5:35:04 PM by.taskSetter.ui.TaskApp lambda$initListeners$0
INFO: Кнопка 'Добавить' нажата
июл. 11, 2025 5:35:17 PM by.taskSetter.ui.TaskDialog getValidatedTask
INFO: Парсинг: 1212-12-12
июл. 11, 2025 5:35:17 PM by.taskSetter.ui.TaskDialog getValidatedTask
INFO: Создается новая задача: Задача
июл. 11, 2025 5:35:17 PM by.taskSetter.ui.TaskDialog getValidatedTask
INFO: Парсинг: 1212-12-12
июл. 11, 2025 5:35:17 PM by.taskSetter.ui.TaskDialog getValidatedTask
INFO: Задача обновлена: Задача
июл. 11, 2025 5:35:17 PM by.taskSetter.ui.TaskApp openTaskDialog
INFO: Добавлена задача: Задача
июл. 11, 2025 5:35:17 PM by.taskSetter.ui.TaskApp lambda$initListeners$0
INFO: Обновлен список задач после добавления
июл. 11, 2025 5:35:20 PM by.taskSetter.ui.TaskApp lambda$initListeners$0
INFO: Кнопка 'Добавить' нажата
июл. 11, 2025 5:35:34 PM by.taskSetter.ui.TaskDialog getValidatedTask
WARNING: Некорректный формат даты: 1212
июл. 11, 2025 5:35:35 PM by.taskSetter.ui.TaskDialog onSave
WARNING: Ошибка при сохранении задачи: Некорректный формат даты
июл. 11, 2025 5:35:41 PM by.taskSetter.ui.TaskDialog getValidatedTask
INFO: Парсинг: 1212-12-12
июл. 11, 2025 5:35:41 PM by.taskSetter.ui.TaskDialog getValidatedTask
INFO: Создается новая задача: Задача 2
июл. 11, 2025 5:35:41 PM by.taskSetter.ui.TaskDialog getValidatedTask
INFO: Парсинг: 1212-12-12
июл. 11, 2025 5:35:41 PM by.taskSetter.ui.TaskDialog getValidatedTask
INFO: Задача обновлена: Задача 2
июл. 11, 2025 5:35:41 PM by.taskSetter.ui.TaskApp openTaskDialog
INFO: Добавлена задача: Задача 2
июл. 11, 2025 5:35:41 PM by.taskSetter.ui.TaskApp lambda$initListeners$0
INFO: Обновлен список задач после добавления
июл. 11, 2025 5:35:43 PM by.taskSetter.ui.TaskApp lambda$initListeners$3
INFO: Выбран фильтр: Все
июл. 11, 2025 5:35:44 PM by.taskSetter.ui.TaskApp lambda$initListeners$3
INFO: Выбран фильтр: Выполненные
июл. 11, 2025 5:35:46 PM by.taskSetter.ui.TaskApp lambda$initListeners$3
INFO: Выбран фильтр: Невыполненные
июл. 11, 2025 5:35:50 PM by.taskSetter.ui.TaskApp lambda$initListeners$3
INFO: Выбран фильтр: Выполненные
июл. 11, 2025 5:35:52 PM by.taskSetter.ui.TaskApp lambda$initListeners$3
INFO: Выбран фильтр: Невыполненные
июл. 11, 2025 5:35:54 PM by.taskSetter.ui.TaskApp$1 windowClosing
INFO: Закрытие приложения. Сохранение задач.
июл. 11, 2025 5:35:56 PM by.taskSetter.ui.TaskApp$1 windowClosing
INFO: Пользователь подтвердил выход. Сохраняем задачи
июл. 11, 2025 5:35:56 PM by.taskSetter.storage.TaskStorage save
INFO: Задачи успешно сохранены в файл
июл. 11, 2025 5:35:56 PM by.taskSetter.ui.TaskApp$1 windowClosing
INFO: Выход отменен пользователем
июл. 11, 2025 5:37:13 PM by.taskSetter.Main lambda$main$0
INFO: Запуск приложения
июл. 11, 2025 5:37:14 PM by.taskSetter.ui.TaskApp <init>
INFO: Инициализация приложения
июл. 11, 2025 5:37:14 PM by.taskSetter.storage.TaskStorage load
INFO: Задачи успешно загружены из файла
июл. 11, 2025 5:37:14 PM by.taskSetter.ui.TaskApp initComponents
INFO: Инициализация компонентов интерфейса
июл. 11, 2025 5:37:14 PM by.taskSetter.ui.TaskApp layoutComponents
INFO: Размещение компонентов интерфейса
июл. 11, 2025 5:37:16 PM by.taskSetter.ui.TaskApp lambda$initListeners$3
INFO: Выбран фильтр: Выполненные
июл. 11, 2025 5:37:17 PM by.taskSetter.ui.TaskApp lambda$initListeners$3
INFO: Выбран фильтр: Не выполненные
июл. 11, 2025 5:37:27 PM by.taskSetter.ui.TaskDialog getValidatedTask
INFO: Парсинг: 1212-12-12
июл. 11, 2025 5:37:27 PM by.taskSetter.ui.TaskDialog getValidatedTask
INFO: Задача обновлена: Задача
июл. 11, 2025 5:37:27 PM by.taskSetter.ui.TaskDialog getValidatedTask
INFO: Парсинг: 1212-12-12
июл. 11, 2025 5:37:27 PM by.taskSetter.ui.TaskDialog getValidatedTask
INFO: Задача обновлена: Задача
июл. 11, 2025 5:37:32 PM by.taskSetter.ui.TaskApp lambda$initListeners$0
INFO: Кнопка 'Добавить' нажата
июл. 11, 2025 5:37:38 PM by.taskSetter.ui.TaskDialog getValidatedTask
INFO: Парсинг: 1212-12-12
июл. 11, 2025 5:37:38 PM by.taskSetter.ui.TaskDialog getValidatedTask
INFO: Создается новая задача: 12
июл. 11, 2025 5:37:38 PM by.taskSetter.ui.TaskDialog getValidatedTask
INFO: Парсинг: 1212-12-12
июл. 11, 2025 5:37:38 PM by.taskSetter.ui.TaskDialog getValidatedTask
INFO: Задача обновлена: 12
июл. 11, 2025 5:37:38 PM by.taskSetter.ui.TaskApp openTaskDialog
INFO: Добавлена задача: 12
июл. 11, 2025 5:37:38 PM by.taskSetter.ui.TaskApp lambda$initListeners$0
INFO: Обновлен список задач после добавления
июл. 11, 2025 5:37:42 PM by.taskSetter.ui.TaskApp lambda$initListeners$0
INFO: Кнопка 'Добавить' нажата
июл. 11, 2025 5:37:43 PM by.taskSetter.ui.TaskApp lambda$initListeners$0
INFO: Обновлен список задач после добавления
июл. 11, 2025 5:37:43 PM by.taskSetter.ui.TaskApp lambda$initListeners$1
WARNING: Попытка редактировать задачу без выбора
июл. 11, 2025 5:37:45 PM by.taskSetter.ui.TaskApp lambda$initListeners$2
WARNING: Попытка удалить задачу без выбора
июл. 11, 2025 5:37:49 PM by.taskSetter.ui.TaskApp lambda$initListeners$2
INFO: Удаление задачи: Задача 2
июл. 11, 2025 5:37:49 PM by.taskSetter.ui.TaskApp lambda$initListeners$2
INFO: Задача удаленаЗадача 2 и список обновлен
июл. 11, 2025 5:37:58 PM by.taskSetter.ui.TaskApp lambda$initListeners$3
INFO: Выбран фильтр: Все
июл. 11, 2025 5:38:01 PM by.taskSetter.ui.TaskApp lambda$initListeners$3
INFO: Выбран фильтр: Выполненные
июл. 11, 2025 5:38:02 PM by.taskSetter.ui.TaskApp lambda$initListeners$3
INFO: Выбран фильтр: Не выполненные
июл. 11, 2025 5:38:05 PM by.taskSetter.ui.TaskApp lambda$initListeners$3
INFO: Выбран фильтр: Все
июл. 11, 2025 5:38:11 PM by.taskSetter.ui.TaskApp lambda$initListeners$0
INFO: Кнопка 'Добавить' нажата
июл. 11, 2025 5:38:20 PM by.taskSetter.ui.TaskDialog getValidatedTask
INFO: Парсинг: 1212-12-12
июл. 11, 2025 5:38:20 PM by.taskSetter.ui.TaskDialog getValidatedTask
INFO: Создается новая задача: 121212
июл. 11, 2025 5:38:20 PM by.taskSetter.ui.TaskDialog getValidatedTask
INFO: Парсинг: 1212-12-12
июл. 11, 2025 5:38:20 PM by.taskSetter.ui.TaskDialog getValidatedTask
INFO: Задача обновлена: 121212
июл. 11, 2025 5:38:20 PM by.taskSetter.ui.TaskApp openTaskDialog
INFO: Добавлена задача: 121212
июл. 11, 2025 5:38:20 PM by.taskSetter.ui.TaskApp lambda$initListeners$0
INFO: Обновлен список задач после добавления
июл. 11, 2025 5:38:23 PM by.taskSetter.ui.TaskApp lambda$initListeners$3
INFO: Выбран фильтр: Выполненные
июл. 11, 2025 5:38:25 PM by.taskSetter.ui.TaskApp lambda$initListeners$3
INFO: Выбран фильтр: Не выполненные
июл. 11, 2025 5:38:27 PM by.taskSetter.ui.TaskApp lambda$initListeners$3
INFO: Выбран фильтр: Все
июл. 11, 2025 5:38:30 PM by.taskSetter.ui.TaskApp lambda$initListeners$2
INFO: Удаление задачи: 12
июл. 11, 2025 5:38:30 PM by.taskSetter.ui.TaskApp lambda$initListeners$2
INFO: Задача удалена12 и список обновлен
июл. 11, 2025 5:38:33 PM by.taskSetter.ui.TaskApp lambda$initListeners$3
INFO: Выбран фильтр: Выполненные
июл. 11, 2025 5:38:34 PM by.taskSetter.ui.TaskApp lambda$initListeners$3
INFO: Выбран фильтр: Не выполненные
июл. 11, 2025 5:38:36 PM by.taskSetter.ui.TaskApp lambda$initListeners$3
INFO: Выбран фильтр: Все
июл. 11, 2025 5:38:41 PM by.taskSetter.ui.TaskApp$1 windowClosing
INFO: Закрытие приложения. Сохранение задач.
июл. 11, 2025 5:38:42 PM by.taskSetter.ui.TaskApp$1 windowClosing
INFO: Выход отменен пользователем
июл. 11, 2025 5:38:43 PM by.taskSetter.ui.TaskApp$1 windowClosing
INFO: Закрытие приложения. Сохранение задач.
июл. 11, 2025 5:38:44 PM by.taskSetter.ui.TaskApp$1 windowClosing
INFO: Пользователь подтвердил выход. Сохраняем задачи
июл. 11, 2025 5:38:44 PM by.taskSetter.storage.TaskStorage save
INFO: Задачи успешно сохранены в файл
июл. 11, 2025 5:38:44 PM by.taskSetter.ui.TaskApp$1 windowClosing
INFO: Выход отменен пользователем
июл. 11, 2025 5:41:40 PM by.taskSetter.Main lambda$main$0
INFO: Запуск приложения
июл. 11, 2025 5:41:40 PM by.taskSetter.ui.TaskApp <init>
INFO: Инициализация приложения
июл. 11, 2025 5:41:40 PM by.taskSetter.storage.TaskStorage load
INFO: Задачи успешно загружены из файла
июл. 11, 2025 5:41:40 PM by.taskSetter.ui.TaskApp initComponents
INFO: Инициализация компонентов интерфейса
июл. 11, 2025 5:41:40 PM by.taskSetter.ui.TaskApp layoutComponents
INFO: Размещение компонентов интерфейса
июл. 11, 2025 5:41:43 PM by.taskSetter.ui.TaskApp lambda$initListeners$3
INFO: Выбран фильтр: Выполненные
июл. 11, 2025 5:41:44 PM by.taskSetter.ui.TaskApp lambda$initListeners$3
INFO: Выбран фильтр: Не выполненные
июл. 11, 2025 5:41:46 PM by.taskSetter.ui.TaskApp lambda$initListeners$3
INFO: Выбран фильтр: Все
июл. 11, 2025 5:41:47 PM by.taskSetter.ui.TaskApp lambda$initListeners$1
WARNING: Попытка редактировать задачу без выбора
июл. 11, 2025 5:41:49 PM by.taskSetter.ui.TaskApp$1 windowClosing
INFO: Закрытие приложения. Сохранение задач.
июл. 11, 2025 5:41:50 PM by.taskSetter.ui.TaskApp$1 windowClosing
INFO: Пользователь подтвердил выход. Сохраняем задачи
июл. 11, 2025 5:41:50 PM by.taskSetter.storage.TaskStorage save
INFO: Задачи успешно сохранены в файл
июл. 11, 2025 5:41:50 PM by.taskSetter.ui.TaskApp$1 windowClosing
INFO: Выход отменен пользователем
июл. 11, 2025 5:46:39 PM by.taskSetter.Main lambda$main$0
INFO: Запуск приложения
июл. 11, 2025 5:46:40 PM by.taskSetter.ui.TaskApp <init>
INFO: Инициализация приложения
июл. 11, 2025 5:46:40 PM by.taskSetter.storage.TaskStorage load
INFO: Задачи успешно загружены из файла
июл. 11, 2025 5:46:40 PM by.taskSetter.ui.TaskApp initComponents
INFO: Инициализация компонентов интерфейса
июл. 11, 2025 5:46:40 PM by.taskSetter.ui.TaskApp layoutComponents
INFO: Размещение компонентов интерфейса
июл. 11, 2025 5:46:43 PM by.taskSetter.ui.TaskApp lambda$initListeners$3
INFO: Выбран фильтр: Выполненные
июл. 11, 2025 5:46:45 PM by.taskSetter.ui.TaskApp lambda$initListeners$3
INFO: Выбран фильтр: Невыполненные
июл. 11, 2025 5:46:47 PM by.taskSetter.ui.TaskApp lambda$initListeners$3
INFO: Выбран фильтр: Все
июл. 11, 2025 5:46:48 PM by.taskSetter.ui.TaskApp lambda$initListeners$3
INFO: Выбран фильтр: Выполненные
июл. 11, 2025 5:46:50 PM by.taskSetter.ui.TaskApp lambda$initListeners$3
INFO: Выбран фильтр: Невыполненные
июл. 11, 2025 5:46:51 PM by.taskSetter.ui.TaskApp lambda$initListeners$0
INFO: Кнопка 'Добавить' нажата
июл. 11, 2025 5:47:00 PM by.taskSetter.ui.TaskDialog getValidatedTask
INFO: Парсинг: 1212-12-12
июл. 11, 2025 5:47:00 PM by.taskSetter.ui.TaskDialog getValidatedTask
INFO: Создается новая задача: 1212
июл. 11, 2025 5:47:00 PM by.taskSetter.ui.TaskDialog getValidatedTask
INFO: Парсинг: 1212-12-12
июл. 11, 2025 5:47:00 PM by.taskSetter.ui.TaskDialog getValidatedTask
INFO: Задача обновлена: 1212
июл. 11, 2025 5:47:00 PM by.taskSetter.ui.TaskApp openTaskDialog
INFO: Добавлена задача: 1212
июл. 11, 2025 5:47:00 PM by.taskSetter.ui.TaskApp lambda$initListeners$0
INFO: Обновлен список задач после добавления
июл. 11, 2025 5:47:02 PM by.taskSetter.ui.TaskApp lambda$initListeners$3
INFO: Выбран фильтр: Все
июл. 11, 2025 5:47:04 PM by.taskSetter.ui.TaskApp lambda$initListeners$3
INFO: Выбран фильтр: Выполненные
июл. 11, 2025 5:47:06 PM by.taskSetter.ui.TaskApp lambda$initListeners$3
INFO: Выбран фильтр: Невыполненные
июл. 11, 2025 5:47:07 PM by.taskSetter.ui.TaskApp lambda$initListeners$3
INFO: Выбран фильтр: Все
июл. 11, 2025 5:47:15 PM by.taskSetter.ui.TaskDialog getValidatedTask
INFO: Парсинг: 1212-12-12
июл. 11, 2025 5:47:15 PM by.taskSetter.ui.TaskDialog getValidatedTask
INFO: Задача обновлена: Задача
июл. 11, 2025 5:47:15 PM by.taskSetter.ui.TaskDialog getValidatedTask
INFO: Парсинг: 1212-12-12
июл. 11, 2025 5:47:15 PM by.taskSetter.ui.TaskDialog getValidatedTask
INFO: Задача обновлена: Задача
июл. 11, 2025 5:47:20 PM by.taskSetter.ui.TaskDialog getValidatedTask
INFO: Парсинг: 1212-12-12
июл. 11, 2025 5:47:20 PM by.taskSetter.ui.TaskDialog getValidatedTask
INFO: Задача обновлена: Задача
июл. 11, 2025 5:47:20 PM by.taskSetter.ui.TaskDialog getValidatedTask
INFO: Парсинг: 1212-12-12
июл. 11, 2025 5:47:20 PM by.taskSetter.ui.TaskDialog getValidatedTask
INFO: Задача обновлена: Задача
июл. 11, 2025 5:47:31 PM by.taskSetter.ui.TaskApp$1 windowClosing
INFO: Закрытие приложения. Сохранение задач.
июл. 11, 2025 5:47:32 PM by.taskSetter.ui.TaskApp$1 windowClosing
INFO: Выход отменен пользователем
июл. 11, 2025 5:47:34 PM by.taskSetter.ui.TaskApp lambda$initListeners$2
INFO: Удаление задачи: 121212
июл. 11, 2025 5:47:34 PM by.taskSetter.ui.TaskApp lambda$initListeners$2
INFO: Задача удалена121212 и список обновлен
июл. 11, 2025 5:47:35 PM by.taskSetter.ui.TaskApp$1 windowClosing
INFO: Закрытие приложения. Сохранение задач.
июл. 11, 2025 5:47:37 PM by.taskSetter.ui.TaskApp$1 windowClosing
INFO: Пользователь подтвердил выход. Сохраняем задачи
июл. 11, 2025 5:47:37 PM by.taskSetter.storage.TaskStorage save
INFO: Задачи успешно сохранены в файл
июл. 11, 2025 5:47:37 PM by.taskSetter.ui.TaskApp$1 windowClosing
INFO: Выход отменен пользователем
июл. 11, 2025 5:55:51 PM by.taskSetter.Main lambda$main$0
INFO: Запуск приложения
июл. 11, 2025 5:55:52 PM by.taskSetter.ui.TaskApp <init>
INFO: Инициализация приложения
июл. 11, 2025 5:55:52 PM by.taskSetter.storage.TaskStorage load
INFO: Задачи успешно загружены из файла
июл. 11, 2025 5:55:52 PM by.taskSetter.ui.TaskApp initComponents
INFO: Инициализация компонентов интерфейса
июл. 11, 2025 5:55:52 PM by.taskSetter.ui.TaskApp layoutComponents
INFO: Размещение компонентов интерфейса
июл. 11, 2025 5:55:54 PM by.taskSetter.ui.TaskApp lambda$initListeners$3
INFO: Выбран фильтр: Выполненные
июл. 11, 2025 5:55:56 PM by.taskSetter.ui.TaskApp lambda$initListeners$3
INFO: Выбран фильтр: Невыполненные
июл. 11, 2025 5:55:57 PM by.taskSetter.ui.TaskApp lambda$initListeners$3
INFO: Выбран фильтр: Все
июл. 11, 2025 5:56:13 PM by.taskSetter.ui.TaskDialog getValidatedTask
INFO: Парсинг: 1212-12-14
июл. 11, 2025 5:56:13 PM by.taskSetter.ui.TaskDialog getValidatedTask
INFO: Задача обновлена: Задача12
июл. 11, 2025 5:56:13 PM by.taskSetter.ui.TaskDialog getValidatedTask
INFO: Теперь название задачи: Задача12
июл. 11, 2025 5:56:13 PM by.taskSetter.ui.TaskDialog getValidatedTask
INFO: Описание задачи до обновления: что-то еще и еще12
июл. 11, 2025 5:56:13 PM by.taskSetter.ui.TaskDialog getValidatedTask
INFO: Теперь описание задачи: что-то еще и еще12
июл. 11, 2025 5:56:13 PM by.taskSetter.ui.TaskDialog getValidatedTask
INFO: Дата задачи до обновления: 1212-12-14
июл. 11, 2025 5:56:13 PM by.taskSetter.ui.TaskDialog getValidatedTask
INFO: Теперь дата: 1212-12-14
июл. 11, 2025 5:56:13 PM by.taskSetter.ui.TaskDialog getValidatedTask
INFO: Статус задачи до обновления: 1212-12-14
июл. 11, 2025 5:56:13 PM by.taskSetter.ui.TaskDialog getValidatedTask
INFO: Теперь статус: 1212-12-14
июл. 11, 2025 5:56:13 PM by.taskSetter.ui.TaskDialog getValidatedTask
INFO: Парсинг: 1212-12-14
июл. 11, 2025 5:56:13 PM by.taskSetter.ui.TaskDialog getValidatedTask
INFO: Задача обновлена: Задача12
июл. 11, 2025 5:56:13 PM by.taskSetter.ui.TaskDialog getValidatedTask
INFO: Теперь название задачи: Задача12
июл. 11, 2025 5:56:13 PM by.taskSetter.ui.TaskDialog getValidatedTask
INFO: Описание задачи до обновления: что-то еще и еще12
июл. 11, 2025 5:56:13 PM by.taskSetter.ui.TaskDialog getValidatedTask
INFO: Теперь описание задачи: что-то еще и еще12
июл. 11, 2025 5:56:13 PM by.taskSetter.ui.TaskDialog getValidatedTask
INFO: Дата задачи до обновления: 1212-12-14
июл. 11, 2025 5:56:13 PM by.taskSetter.ui.TaskDialog getValidatedTask
INFO: Теперь дата: 1212-12-14
июл. 11, 2025 5:56:13 PM by.taskSetter.ui.TaskDialog getValidatedTask
INFO: Статус задачи до обновления: 1212-12-14
июл. 11, 2025 5:56:13 PM by.taskSetter.ui.TaskDialog getValidatedTask
INFO: Теперь статус: 1212-12-14
июл. 11, 2025 5:56:47 PM by.taskSetter.ui.TaskApp$1 windowClosing
INFO: Закрытие приложения. Сохранение задач.
июл. 11, 2025 5:56:47 PM by.taskSetter.ui.TaskApp$1 windowClosing
INFO: Пользователь подтвердил выход. Сохраняем задачи
июл. 11, 2025 5:56:47 PM by.taskSetter.storage.TaskStorage save
INFO: Задачи успешно сохранены в файл
июл. 11, 2025 5:56:48 PM by.taskSetter.ui.TaskApp$1 windowClosing
INFO: Выход отменен пользователем
июл. 11, 2025 6:01:54 PM by.taskSetter.Main lambda$main$0
INFO: Запуск приложения
июл. 11, 2025 6:01:54 PM by.taskSetter.ui.TaskApp <init>
INFO: Инициализация приложения
июл. 11, 2025 6:01:54 PM by.taskSetter.storage.TaskStorage load
INFO: Задачи успешно загружены из файла
июл. 11, 2025 6:01:54 PM by.taskSetter.ui.TaskApp initComponents
INFO: Инициализация компонентов интерфейса
июл. 11, 2025 6:01:54 PM by.taskSetter.ui.TaskApp layoutComponents
INFO: Размещение компонентов интерфейса
июл. 11, 2025 6:01:57 PM by.taskSetter.ui.TaskApp lambda$initListeners$3
INFO: Выбран фильтр: Выполненные
июл. 11, 2025 6:02:01 PM by.taskSetter.ui.TaskApp lambda$initListeners$3
INFO: Выбран фильтр: Невыполненные
июл. 11, 2025 6:02:02 PM by.taskSetter.ui.TaskApp lambda$initListeners$3
INFO: Выбран фильтр: Выполненные
июл. 11, 2025 6:02:04 PM by.taskSetter.ui.TaskApp lambda$initListeners$3
INFO: Выбран фильтр: Все
июл. 11, 2025 6:02:05 PM by.taskSetter.ui.TaskApp lambda$initListeners$0
INFO: Кнопка 'Добавить' нажата
июл. 11, 2025 6:02:16 PM by.taskSetter.ui.TaskDialog getValidatedTask
INFO: Парсинг даты: 1212-12-12
июл. 11, 2025 6:02:16 PM by.taskSetter.ui.TaskDialog getValidatedTask
INFO: Создается новая задача: 121212
июл. 11, 2025 6:02:16 PM by.taskSetter.ui.TaskDialog getValidatedTask
INFO: Парсинг даты: 1212-12-12
июл. 11, 2025 6:02:16 PM by.taskSetter.ui.TaskDialog getValidatedTask
INFO: Название до изменения: 121212
июл. 11, 2025 6:02:16 PM by.taskSetter.ui.TaskDialog getValidatedTask
INFO: Название после изменения: 121212
июл. 11, 2025 6:02:16 PM by.taskSetter.ui.TaskDialog getValidatedTask
INFO: Описание до изменения: 1212
июл. 11, 2025 6:02:16 PM by.taskSetter.ui.TaskDialog getValidatedTask
INFO: Описание после изменения: 1212
июл. 11, 2025 6:02:16 PM by.taskSetter.ui.TaskDialog getValidatedTask
INFO: Дата до изменения: 1212-12-12
июл. 11, 2025 6:02:16 PM by.taskSetter.ui.TaskDialog getValidatedTask
INFO: Дата после изменения: 1212-12-12
июл. 11, 2025 6:02:16 PM by.taskSetter.ui.TaskDialog getValidatedTask
INFO: Статус до изменения: Выполнена
июл. 11, 2025 6:02:16 PM by.taskSetter.ui.TaskDialog getValidatedTask
INFO: Статус после изменения: Выполнена
июл. 11, 2025 6:02:16 PM by.taskSetter.ui.TaskApp openTaskDialog
INFO: Добавлена задача: 121212
июл. 11, 2025 6:02:16 PM by.taskSetter.ui.TaskApp lambda$initListeners$0
INFO: Обновлен список задач после добавления
июл. 11, 2025 6:02:19 PM by.taskSetter.ui.TaskApp lambda$initListeners$3
INFO: Выбран фильтр: Выполненные
июл. 11, 2025 6:02:20 PM by.taskSetter.ui.TaskApp lambda$initListeners$3
INFO: Выбран фильтр: Невыполненные
июл. 11, 2025 6:02:22 PM by.taskSetter.ui.TaskApp lambda$initListeners$3
INFO: Выбран фильтр: Все
июл. 11, 2025 6:02:34 PM by.taskSetter.ui.TaskDialog getValidatedTask
INFO: Парсинг даты: 1212-12-14
июл. 11, 2025 6:02:34 PM by.taskSetter.ui.TaskDialog getValidatedTask
INFO: Название до изменения: 1212
июл. 11, 2025 6:02:34 PM by.taskSetter.ui.TaskDialog getValidatedTask
INFO: Название после изменения: 121214
июл. 11, 2025 6:02:34 PM by.taskSetter.ui.TaskDialog getValidatedTask
INFO: Описание до изменения: 1212
июл. 11, 2025 6:02:34 PM by.taskSetter.ui.TaskDialog getValidatedTask
INFO: Описание после изменения: 1212
июл. 11, 2025 6:02:34 PM by.taskSetter.ui.TaskDialog getValidatedTask
INFO: Дата до изменения: 1212-12-12
июл. 11, 2025 6:02:34 PM by.taskSetter.ui.TaskDialog getValidatedTask
INFO: Дата после изменения: 1212-12-14
июл. 11, 2025 6:02:34 PM by.taskSetter.ui.TaskDialog getValidatedTask
INFO: Статус до изменения: Не выполнена
июл. 11, 2025 6:02:34 PM by.taskSetter.ui.TaskDialog getValidatedTask
INFO: Статус после изменения: Выполнена
июл. 11, 2025 6:02:34 PM by.taskSetter.ui.TaskDialog getValidatedTask
INFO: Парсинг даты: 1212-12-14
июл. 11, 2025 6:02:34 PM by.taskSetter.ui.TaskDialog getValidatedTask
INFO: Название до изменения: 121214
июл. 11, 2025 6:02:34 PM by.taskSetter.ui.TaskDialog getValidatedTask
INFO: Название после изменения: 121214
июл. 11, 2025 6:02:34 PM by.taskSetter.ui.TaskDialog getValidatedTask
INFO: Описание до изменения: 1212
июл. 11, 2025 6:02:34 PM by.taskSetter.ui.TaskDialog getValidatedTask
INFO: Описание после изменения: 1212
июл. 11, 2025 6:02:34 PM by.taskSetter.ui.TaskDialog getValidatedTask
INFO: Дата до изменения: 1212-12-14
июл. 11, 2025 6:02:34 PM by.taskSetter.ui.TaskDialog getValidatedTask
INFO: Дата после изменения: 1212-12-14
июл. 11, 2025 6:02:34 PM by.taskSetter.ui.TaskDialog getValidatedTask
INFO: Статус до изменения: Выполнена
июл. 11, 2025 6:02:34 PM by.taskSetter.ui.TaskDialog getValidatedTask
INFO: Статус после изменения: Выполнена
июл. 11, 2025 6:02:37 PM by.taskSetter.ui.TaskApp$1 windowClosing
INFO: Закрытие приложения. Сохранение задач.
июл. 11, 2025 6:02:38 PM by.taskSetter.ui.TaskApp$1 windowClosing
INFO: Пользователь подтвердил выход. Сохраняем задачи
июл. 11, 2025 6:02:38 PM by.taskSetter.storage.TaskStorage save
INFO: Задачи успешно сохранены в файл
июл. 11, 2025 6:02:38 PM by.taskSetter.ui.TaskApp$1 windowClosing
INFO: Выход отменен пользователем
июл. 11, 2025 6:03:06 PM by.taskSetter.Main lambda$main$0
INFO: Запуск приложения
июл. 11, 2025 6:03:06 PM by.taskSetter.ui.TaskApp <init>
INFO: Инициализация приложения
июл. 11, 2025 6:03:06 PM by.taskSetter.storage.TaskStorage load
INFO: Задачи успешно загружены из файла
июл. 11, 2025 6:03:06 PM by.taskSetter.ui.TaskApp initComponents
INFO: Инициализация компонентов интерфейса
июл. 11, 2025 6:03:06 PM by.taskSetter.ui.TaskApp layoutComponents
INFO: Размещение компонентов интерфейса
июл. 11, 2025 6:03:35 PM by.taskSetter.ui.TaskDialog getValidatedTask
INFO: Парсинг даты: 1212-12-12
июл. 11, 2025 6:03:35 PM by.taskSetter.ui.TaskDialog getValidatedTask
INFO: Название до изменения: 121212
июл. 11, 2025 6:03:35 PM by.taskSetter.ui.TaskDialog getValidatedTask
INFO: Название после изменения: 121212
июл. 11, 2025 6:03:35 PM by.taskSetter.ui.TaskDialog getValidatedTask
INFO: Описание до изменения: 1212
июл. 11, 2025 6:03:35 PM by.taskSetter.ui.TaskDialog getValidatedTask
INFO: Описание после изменения: 1212 что-то
июл. 11, 2025 6:03:35 PM by.taskSetter.ui.TaskDialog getValidatedTask
INFO: Дата до изменения: 1212-12-12
июл. 11, 2025 6:03:35 PM by.taskSetter.ui.TaskDialog getValidatedTask
INFO: Дата после изменения: 1212-12-12
июл. 11, 2025 6:03:35 PM by.taskSetter.ui.TaskDialog getValidatedTask
INFO: Статус до изменения: Выполнена
июл. 11, 2025 6:03:35 PM by.taskSetter.ui.TaskDialog getValidatedTask
INFO: Статус после изменения: Не выполнена
июл. 11, 2025 6:03:35 PM by.taskSetter.ui.TaskDialog getValidatedTask
INFO: Парсинг даты: 1212-12-12
июл. 11, 2025 6:03:35 PM by.taskSetter.ui.TaskDialog getValidatedTask
INFO: Название до изменения: 121212
июл. 11, 2025 6:03:35 PM by.taskSetter.ui.TaskDialog getValidatedTask
INFO: Название после изменения: 121212
июл. 11, 2025 6:03:35 PM by.taskSetter.ui.TaskDialog getValidatedTask
INFO: Описание до изменения: 1212 что-то
июл. 11, 2025 6:03:35 PM by.taskSetter.ui.TaskDialog getValidatedTask
INFO: Описание после изменения: 1212 что-то
июл. 11, 2025 6:03:35 PM by.taskSetter.ui.TaskDialog getValidatedTask
INFO: Дата до изменения: 1212-12-12
июл. 11, 2025 6:03:35 PM by.taskSetter.ui.TaskDialog getValidatedTask
INFO: Дата после изменения: 1212-12-12
июл. 11, 2025 6:03:35 PM by.taskSetter.ui.TaskDialog getValidatedTask
INFO: Статус до изменения: Не выполнена
июл. 11, 2025 6:03:35 PM by.taskSetter.ui.TaskDialog getValidatedTask
INFO: Статус после изменения: Не выполнена
июл. 11, 2025 6:04:30 PM by.taskSetter.ui.TaskDialog getValidatedTask
INFO: Парсинг даты: 1212-12-16
июл. 11, 2025 6:04:30 PM by.taskSetter.ui.TaskDialog getValidatedTask
INFO: Название до изменения: 121214
июл. 11, 2025 6:04:30 PM by.taskSetter.ui.TaskDialog getValidatedTask
INFO: Название после изменения: 121214
июл. 11, 2025 6:04:30 PM by.taskSetter.ui.TaskDialog getValidatedTask
INFO: Описание до изменения: 1212
июл. 11, 2025 6:04:30 PM by.taskSetter.ui.TaskDialog getValidatedTask
INFO: Описание после изменения: 1212Описание
июл. 11, 2025 6:04:30 PM by.taskSetter.ui.TaskDialog getValidatedTask
INFO: Дата до изменения: 1212-12-14
июл. 11, 2025 6:04:30 PM by.taskSetter.ui.TaskDialog getValidatedTask
INFO: Дата после изменения: 1212-12-16
июл. 11, 2025 6:04:30 PM by.taskSetter.ui.TaskDialog getValidatedTask
INFO: Статус до изменения: Выполнена
июл. 11, 2025 6:04:30 PM by.taskSetter.ui.TaskDialog getValidatedTask
INFO: Статус после изменения: Не выполнена
июл. 11, 2025 6:04:30 PM by.taskSetter.ui.TaskDialog getValidatedTask
INFO: Парсинг даты: 1212-12-16
июл. 11, 2025 6:04:30 PM by.taskSetter.ui.TaskDialog getValidatedTask
INFO: Название до изменения: 121214
июл. 11, 2025 6:04:30 PM by.taskSetter.ui.TaskDialog getValidatedTask
INFO: Название после изменения: 121214
июл. 11, 2025 6:04:30 PM by.taskSetter.ui.TaskDialog getValidatedTask
INFO: Описание до изменения: 1212Описание
июл. 11, 2025 6:04:30 PM by.taskSetter.ui.TaskDialog getValidatedTask
INFO: Описание после изменения: 1212Описание
июл. 11, 2025 6:04:30 PM by.taskSetter.ui.TaskDialog getValidatedTask
INFO: Дата до изменения: 1212-12-16
июл. 11, 2025 6:04:30 PM by.taskSetter.ui.TaskDialog getValidatedTask
INFO: Дата после изменения: 1212-12-16
июл. 11, 2025 6:04:30 PM by.taskSetter.ui.TaskDialog getValidatedTask
INFO: Статус до изменения: Не выполнена
июл. 11, 2025 6:04:30 PM by.taskSetter.ui.TaskDialog getValidatedTask
INFO: Статус после изменения: Не выполнена
июл. 11, 2025 6:04:55 PM by.taskSetter.ui.TaskDialog getValidatedTask
INFO: Парсинг даты: 1212-12-16
июл. 11, 2025 6:04:55 PM by.taskSetter.ui.TaskDialog getValidatedTask
INFO: Название до изменения: 121214
июл. 11, 2025 6:04:55 PM by.taskSetter.ui.TaskDialog getValidatedTask
INFO: Название после изменения: 121214Новое
июл. 11, 2025 6:04:55 PM by.taskSetter.ui.TaskDialog getValidatedTask
INFO: Описание до изменения: 1212Описание
июл. 11, 2025 6:04:55 PM by.taskSetter.ui.TaskDialog getValidatedTask
INFO: Описание после изменения: 1212Описание
июл. 11, 2025 6:04:55 PM by.taskSetter.ui.TaskDialog getValidatedTask
INFO: Дата до изменения: 1212-12-16
июл. 11, 2025 6:04:55 PM by.taskSetter.ui.TaskDialog getValidatedTask
INFO: Дата после изменения: 1212-12-16
июл. 11, 2025 6:04:55 PM by.taskSetter.ui.TaskDialog getValidatedTask
INFO: Статус до изменения: Не выполнена
июл. 11, 2025 6:04:55 PM by.taskSetter.ui.TaskDialog getValidatedTask
INFO: Статус после изменения: Не выполнена
июл. 11, 2025 6:04:55 PM by.taskSetter.ui.TaskDialog getValidatedTask
INFO: Парсинг даты: 1212-12-16
июл. 11, 2025 6:04:55 PM by.taskSetter.ui.TaskDialog getValidatedTask
INFO: Название до изменения: 121214Новое
июл. 11, 2025 6:04:55 PM by.taskSetter.ui.TaskDialog getValidatedTask
INFO: Название после изменения: 121214Новое
июл. 11, 2025 6:04:55 PM by.taskSetter.ui.TaskDialog getValidatedTask
INFO: Описание до изменения: 1212Описание
июл. 11, 2025 6:04:55 PM by.taskSetter.ui.TaskDialog getValidatedTask
INFO: Описание после изменения: 1212Описание
июл. 11, 2025 6:04:55 PM by.taskSetter.ui.TaskDialog getValidatedTask
INFO: Дата до изменения: 1212-12-16
июл. 11, 2025 6:04:55 PM by.taskSetter.ui.TaskDialog getValidatedTask
INFO: Дата после изменения: 1212-12-16
июл. 11, 2025 6:04:55 PM by.taskSetter.ui.TaskDialog getValidatedTask
INFO: Статус до изменения: Не выполнена
июл. 11, 2025 6:04:55 PM by.taskSetter.ui.TaskDialog getValidatedTask
INFO: Статус после изменения: Не выполнена
июл. 11, 2025 6:05:43 PM by.taskSetter.ui.TaskDialog getValidatedTask
INFO: Парсинг даты: 1212-12-16
июл. 11, 2025 6:05:43 PM by.taskSetter.ui.TaskDialog getValidatedTask
INFO: Название до изменения: 121214Новое
июл. 11, 2025 6:05:43 PM by.taskSetter.ui.TaskDialog getValidatedTask
INFO: Название после изменения: 121214Новое
июл. 11, 2025 6:05:43 PM by.taskSetter.ui.TaskDialog getValidatedTask
INFO: Описание до изменения: 1212Описание
июл. 11, 2025 6:05:43 PM by.taskSetter.ui.TaskDialog getValidatedTask
INFO: Описание после изменения: 1212Описание
июл. 11, 2025 6:05:43 PM by.taskSetter.ui.TaskDialog getValidatedTask
INFO: Дата до изменения: 1212-12-16
июл. 11, 2025 6:05:43 PM by.taskSetter.ui.TaskDialog getValidatedTask
INFO: Дата после изменения: 1212-12-16
июл. 11, 2025 6:05:43 PM by.taskSetter.ui.TaskDialog getValidatedTask
INFO: Статус до изменения: Не выполнена
июл. 11, 2025 6:05:43 PM by.taskSetter.ui.TaskDialog getValidatedTask
INFO: Статус после изменения: Выполнена
июл. 11, 2025 6:05:43 PM by.taskSetter.ui.TaskDialog getValidatedTask
INFO: Парсинг даты: 1212-12-16
июл. 11, 2025 6:05:43 PM by.taskSetter.ui.TaskDialog getValidatedTask
INFO: Название до изменения: 121214Новое
июл. 11, 2025 6:05:43 PM by.taskSetter.ui.TaskDialog getValidatedTask
INFO: Название после изменения: 121214Новое
июл. 11, 2025 6:05:43 PM by.taskSetter.ui.TaskDialog getValidatedTask
INFO: Описание до изменения: 1212Описание
июл. 11, 2025 6:05:43 PM by.taskSetter.ui.TaskDialog getValidatedTask
INFO: Описание после изменения: 1212Описание
июл. 11, 2025 6:05:43 PM by.taskSetter.ui.TaskDialog getValidatedTask
INFO: Дата до изменения: 1212-12-16
июл. 11, 2025 6:05:43 PM by.taskSetter.ui.TaskDialog getValidatedTask
INFO: Дата после изменения: 1212-12-16
июл. 11, 2025 6:05:43 PM by.taskSetter.ui.TaskDialog getValidatedTask
INFO: Статус до изменения: Выполнена
июл. 11, 2025 6:05:43 PM by.taskSetter.ui.TaskDialog getValidatedTask
INFO: Статус после изменения: Выполнена
июл. 11, 2025 6:07:13 PM by.taskSetter.ui.TaskDialog getValidatedTask
INFO: Парсинг даты: 1212-12-14
июл. 11, 2025 6:07:13 PM by.taskSetter.ui.TaskDialog getValidatedTask
INFO: Название до изменения: Задача12
июл. 11, 2025 6:07:13 PM by.taskSetter.ui.TaskDialog getValidatedTask
INFO: Название после изменения: Задача1214
июл. 11, 2025 6:07:13 PM by.taskSetter.ui.TaskDialog getValidatedTask
INFO: Описание до изменения: что-то еще и еще12
июл. 11, 2025 6:07:13 PM by.taskSetter.ui.TaskDialog getValidatedTask
INFO: Описание после изменения: что-то
июл. 11, 2025 6:07:13 PM by.taskSetter.ui.TaskDialog getValidatedTask
INFO: Дата до изменения: 1212-12-14
июл. 11, 2025 6:07:13 PM by.taskSetter.ui.TaskDialog getValidatedTask
INFO: Дата после изменения: 1212-12-14
июл. 11, 2025 6:07:13 PM by.taskSetter.ui.TaskDialog getValidatedTask
INFO: Статус до изменения: Не выполнена
июл. 11, 2025 6:07:13 PM by.taskSetter.ui.TaskDialog getValidatedTask
INFO: Статус после изменения: Выполнена
июл. 11, 2025 6:07:13 PM by.taskSetter.ui.TaskDialog getValidatedTask
INFO: Парсинг даты: 1212-12-14
июл. 11, 2025 6:07:13 PM by.taskSetter.ui.TaskDialog getValidatedTask
INFO: Название до изменения: Задача1214
июл. 11, 2025 6:07:13 PM by.taskSetter.ui.TaskDialog getValidatedTask
INFO: Название после изменения: Задача1214
июл. 11, 2025 6:07:13 PM by.taskSetter.ui.TaskDialog getValidatedTask
INFO: Описание до изменения: что-то
июл. 11, 2025 6:07:13 PM by.taskSetter.ui.TaskDialog getValidatedTask
INFO: Описание после изменения: что-то
июл. 11, 2025 6:07:13 PM by.taskSetter.ui.TaskDialog getValidatedTask
INFO: Дата до изменения: 1212-12-14
июл. 11, 2025 6:07:13 PM by.taskSetter.ui.TaskDialog getValidatedTask
INFO: Дата после изменения: 1212-12-14
июл. 11, 2025 6:07:13 PM by.taskSetter.ui.TaskDialog getValidatedTask
INFO: Статус до изменения: Выполнена
июл. 11, 2025 6:07:13 PM by.taskSetter.ui.TaskDialog getValidatedTask
INFO: Статус после изменения: Выполнена
июл. 11, 2025 6:13:57 PM by.taskSetter.Main lambda$main$0
INFO: Запуск приложения
июл. 11, 2025 6:13:58 PM by.taskSetter.ui.TaskApp <init>
INFO: Инициализация приложения
июл. 11, 2025 6:13:58 PM by.taskSetter.storage.TaskStorage load
INFO: Задачи успешно загружены из файла
июл. 11, 2025 6:13:58 PM by.taskSetter.ui.TaskApp initComponents
INFO: Инициализация компонентов интерфейса
июл. 11, 2025 6:13:58 PM by.taskSetter.ui.TaskApp layoutComponents
INFO: Размещение компонентов интерфейса
июл. 11, 2025 6:14:01 PM by.taskSetter.ui.TaskApp lambda$initListeners$3
INFO: Выбран фильтр: Выполненные
июл. 11, 2025 6:14:03 PM by.taskSetter.ui.TaskApp lambda$initListeners$3
INFO: Выбран фильтр: Невыполненные
июл. 11, 2025 6:14:04 PM by.taskSetter.ui.TaskApp lambda$initListeners$3
INFO: Выбран фильтр: Все
июл. 11, 2025 6:14:26 PM by.taskSetter.ui.TaskDialog getValidatedTask
INFO: Парсинг даты: 2025-12-12
июл. 11, 2025 6:14:26 PM by.taskSetter.ui.TaskDialog getValidatedTask
INFO: Название до изменения: 121214 Описание до изменения: 1212Дата до изменения: 1212-12-14Статус до изменения: Выполнена
июл. 11, 2025 6:14:26 PM by.taskSetter.ui.TaskDialog getValidatedTask
INFO: После изменения: Название: 1, Описание: 1, Дата: 2025-12-12, Статус: Не выполнена
июл. 11, 2025 6:14:26 PM by.taskSetter.ui.TaskDialog getValidatedTask
INFO: Парсинг даты: 2025-12-12
июл. 11, 2025 6:14:26 PM by.taskSetter.ui.TaskDialog getValidatedTask
INFO: Название до изменения: 1 Описание до изменения: 1Дата до изменения: 2025-12-12Статус до изменения: Не выполнена
июл. 11, 2025 6:14:26 PM by.taskSetter.ui.TaskDialog getValidatedTask
INFO: После изменения: Название: 1, Описание: 1, Дата: 2025-12-12, Статус: Не выполнена
июл. 11, 2025 6:17:36 PM by.taskSetter.Main lambda$main$0
INFO: Запуск приложения
июл. 11, 2025 6:17:37 PM by.taskSetter.ui.TaskApp <init>
INFO: Инициализация приложения
июл. 11, 2025 6:17:37 PM by.taskSetter.storage.TaskStorage load
INFO: Задачи успешно загружены из файла
июл. 11, 2025 6:17:37 PM by.taskSetter.ui.TaskApp initComponents
INFO: Инициализация компонентов интерфейса
июл. 11, 2025 6:17:37 PM by.taskSetter.ui.TaskApp layoutComponents
INFO: Размещение компонентов интерфейса
июл. 11, 2025 6:17:39 PM by.taskSetter.ui.TaskApp lambda$initListeners$3
INFO: Выбран фильтр: Выполненные
июл. 11, 2025 6:17:40 PM by.taskSetter.ui.TaskApp lambda$initListeners$3
INFO: Выбран фильтр: Невыполненные
июл. 11, 2025 6:17:41 PM by.taskSetter.ui.TaskApp lambda$initListeners$3
INFO: Выбран фильтр: Все
июл. 11, 2025 6:18:00 PM by.taskSetter.ui.TaskDialog getValidatedTask
WARNING: Некорректный формат даты: 1212-12-1212
июл. 11, 2025 6:18:00 PM by.taskSetter.ui.TaskDialog onSave
WARNING: Ошибка при сохранении задачи: Некорректный формат даты
июл. 11, 2025 6:18:06 PM by.taskSetter.ui.TaskDialog getValidatedTask
INFO: Парсинг даты: 1212-12-14
июл. 11, 2025 6:18:06 PM by.taskSetter.ui.TaskDialog getValidatedTask
INFO: Название до изменения: 121214 Описание до изменения: 1212 Дата до изменения: 1212-12-14 Статус до изменения: Выполнена
июл. 11, 2025 6:18:06 PM by.taskSetter.ui.TaskDialog getValidatedTask
INFO: После изменения: Название: Задача1 Описание: Задача1 Дата: 1212-12-14 Статус: Не выполнена
июл. 11, 2025 6:18:06 PM by.taskSetter.ui.TaskDialog getValidatedTask
INFO: Парсинг даты: 1212-12-14
июл. 11, 2025 6:18:06 PM by.taskSetter.ui.TaskDialog getValidatedTask
INFO: Название до изменения: Задача1 Описание до изменения: Задача1 Дата до изменения: 1212-12-14 Статус до изменения: Не выполнена
июл. 11, 2025 6:18:06 PM by.taskSetter.ui.TaskDialog getValidatedTask
INFO: После изменения: Название: Задача1 Описание: Задача1 Дата: 1212-12-14 Статус: Не выполнена
июл. 11, 2025 6:24:18 PM by.taskSetter.Main lambda$main$0
INFO: Запуск приложения
июл. 11, 2025 6:24:18 PM by.taskSetter.ui.TaskApp <init>
INFO: Инициализация приложения
июл. 11, 2025 6:24:18 PM by.taskSetter.storage.TaskStorage load
INFO: Задачи успешно загружены из файла
июл. 11, 2025 6:24:18 PM by.taskSetter.ui.TaskApp initComponents
INFO: Инициализация компонентов интерфейса
июл. 11, 2025 6:24:18 PM by.taskSetter.ui.TaskApp layoutComponents
INFO: Размещение компонентов интерфейса
июл. 11, 2025 6:24:21 PM by.taskSetter.ui.TaskApp lambda$initListeners$3
INFO: Выбран фильтр: Выполненные
июл. 11, 2025 6:24:22 PM by.taskSetter.ui.TaskApp lambda$initListeners$3
INFO: Выбран фильтр: Невыполненные
июл. 11, 2025 6:24:23 PM by.taskSetter.ui.TaskApp lambda$initListeners$3
INFO: Выбран фильтр: Все
июл. 11, 2025 6:24:25 PM by.taskSetter.ui.TaskApp lambda$initListeners$1
WARNING: Попытка редактировать задачу без выбора
июл. 11, 2025 6:24:30 PM by.taskSetter.ui.TaskDialog getValidatedTask
INFO: Парсинг даты: 1212-12-14
июл. 11, 2025 6:24:30 PM by.taskSetter.ui.TaskDialog getValidatedTask
INFO: Название до изменения: 121214 Описание до изменения: 1212 Дата до изменения: 1212-12-14 Статус до изменения: Выполнена
июл. 11, 2025 6:24:30 PM by.taskSetter.ui.TaskDialog getValidatedTask
INFO: После изменения: Название: 121214 Описание: 1212 Дата: 1212-12-14 Статус: Не выполнена
июл. 11, 2025 6:24:30 PM by.taskSetter.ui.TaskDialog getValidatedTask
INFO: Парсинг даты: 1212-12-14
июл. 11, 2025 6:24:30 PM by.taskSetter.ui.TaskDialog getValidatedTask
INFO: Название до изменения: 121214 Описание до изменения: 1212 Дата до изменения: 1212-12-14 Статус до изменения: Не выполнена
июл. 11, 2025 6:24:30 PM by.taskSetter.ui.TaskDialog getValidatedTask
INFO: После изменения: Название: 121214 Описание: 1212 Дата: 1212-12-14 Статус: Не выполнена
июл. 11, 2025 6:24:32 PM by.taskSetter.ui.TaskApp lambda$initListeners$3
INFO: Выбран фильтр: Выполненные
июл. 11, 2025 6:24:33 PM by.taskSetter.ui.TaskApp lambda$initListeners$3
INFO: Выбран фильтр: Невыполненные
июл. 11, 2025 6:24:34 PM by.taskSetter.ui.TaskApp lambda$initListeners$3
INFO: Выбран фильтр: Все
июл. 11, 2025 6:24:38 PM by.taskSetter.ui.TaskApp lambda$initListeners$2
INFO: Удаление задачи: 121214
июл. 11, 2025 6:24:38 PM by.taskSetter.ui.TaskApp lambda$initListeners$2
INFO: Задача удалена121214 и список обновлен
июл. 11, 2025 6:24:41 PM by.taskSetter.ui.TaskApp lambda$initListeners$3
INFO: Выбран фильтр: Все
июл. 11, 2025 6:24:42 PM by.taskSetter.ui.TaskApp$1 windowClosing
INFO: Закрытие приложения. Сохранение задач.
июл. 11, 2025 6:24:42 PM by.taskSetter.ui.TaskApp$1 windowClosing
INFO: Пользователь подтвердил выход. Сохраняем задачи
июл. 11, 2025 6:24:42 PM by.taskSetter.storage.TaskStorage save
INFO: Задачи успешно сохранены в файл
июл. 11, 2025 6:24:43 PM by.taskSetter.ui.TaskApp$1 windowClosing
INFO: Выход отменен пользователем
